c:\dev\net engine\netengine\netengine\netengine\x64\debug\vc143.pdb
c:\dev\net engine\netengine\netengine\netengine\x64\debug\vc143.idb
c:\dev\net engine\netengine\netengine\netengine\x64\debug\window.obj
c:\dev\net engine\netengine\netengine\netengine\x64\debug\stb_image.obj
c:\dev\net engine\netengine\netengine\netengine\x64\debug\renderer.obj
c:\dev\net engine\netengine\netengine\netengine\x64\debug\model.obj
c:\dev\net engine\netengine\netengine\netengine\x64\debug\camera.obj
c:\dev\net engine\netengine\netengine\netengine\x64\debug\rendertarget.obj
c:\dev\net engine\netengine\netengine\netengine\x64\debug\cube.obj
c:\dev\net engine\netengine\netengine\netengine\x64\debug\main.obj
c:\dev\net engine\netengine\netengine\netengine\x64\debug\inputmanager.obj
c:\dev\net engine\netengine\netengine\netengine\x64\debug\player.obj
c:\dev\net engine\netengine\netengine\x64\debug\netengine.exe
c:\dev\net engine\netengine\netengine\x64\debug\netengine.pdb
c:\dev\net engine\netengine\netengine\x64\debug\assimp-vc143-mtd.dll
c:\dev\net engine\netengine\netengine\x64\debug\poly2tri.dll
c:\dev\net engine\netengine\netengine\x64\debug\minizip.dll
c:\dev\net engine\netengine\netengine\x64\debug\zlibd1.dll
c:\dev\net engine\netengine\netengine\x64\debug\pugixml.dll
c:\dev\net engine\netengine\netengine\x64\debug\glfw3.dll
c:\dev\net engine\netengine\netengine\netengine\x64\debug\netengine.ilk
c:\dev\net engine\netengine\netengine\netengine\x64\debug\netengine.tlog\cl.command.1.tlog
c:\dev\net engine\netengine\netengine\netengine\x64\debug\netengine.tlog\cl.items.tlog
c:\dev\net engine\netengine\netengine\netengine\x64\debug\netengine.tlog\cl.read.1.tlog
c:\dev\net engine\netengine\netengine\netengine\x64\debug\netengine.tlog\cl.write.1.tlog
c:\dev\net engine\netengine\netengine\netengine\x64\debug\netengine.tlog\link.command.1.tlog
c:\dev\net engine\netengine\netengine\netengine\x64\debug\netengine.tlog\link.read.1.tlog
c:\dev\net engine\netengine\netengine\netengine\x64\debug\netengine.tlog\link.secondary.1.tlog
c:\dev\net engine\netengine\netengine\netengine\x64\debug\netengine.tlog\link.write.1.tlog
c:\dev\net engine\netengine\netengine\netengine\x64\debug\netengine.tlog\netengine.write.1u.tlog
