c:\dev\netengine\netengine\x64\debug\vc143.pdb
c:\dev\netengine\netengine\x64\debug\vc143.idb
c:\dev\netengine\netengine\x64\debug\window.obj
c:\dev\netengine\netengine\x64\debug\stb_image.obj
c:\dev\netengine\netengine\x64\debug\renderer.obj
c:\dev\netengine\netengine\x64\debug\model.obj
c:\dev\netengine\netengine\x64\debug\camera.obj
c:\dev\netengine\netengine\x64\debug\rendertarget.obj
c:\dev\netengine\netengine\x64\debug\cube.obj
c:\dev\netengine\netengine\x64\debug\main.obj
c:\dev\netengine\netengine\x64\debug\inputmanager.obj
c:\dev\netengine\netengine\x64\debug\player.obj
c:\dev\netengine\x64\debug\netengine.pdb
c:\dev\netengine\netengine\x64\debug\netengine.tlog\cl.command.1.tlog
c:\dev\netengine\netengine\x64\debug\netengine.tlog\cl.read.1.tlog
c:\dev\netengine\netengine\x64\debug\netengine.tlog\cl.write.1.tlog
c:\dev\netengine\netengine\x64\debug\netengine.tlog\link-cvtres.read.1.tlog
c:\dev\netengine\netengine\x64\debug\netengine.tlog\link-cvtres.write.1.tlog
c:\dev\netengine\netengine\x64\debug\netengine.tlog\link-rc.read.1.tlog
c:\dev\netengine\netengine\x64\debug\netengine.tlog\link-rc.write.1.tlog
c:\dev\netengine\netengine\x64\debug\netengine.tlog\link.command.1.tlog
c:\dev\netengine\netengine\x64\debug\netengine.tlog\link.read.1.tlog
c:\dev\netengine\netengine\x64\debug\netengine.tlog\link.read.2.tlog
c:\dev\netengine\netengine\x64\debug\netengine.tlog\link.read.3.tlog
c:\dev\netengine\netengine\x64\debug\netengine.tlog\link.read.4.tlog
c:\dev\netengine\netengine\x64\debug\netengine.tlog\link.write.1.tlog
